<?xml version="1.0" encoding="UTF-8"?>
<!-- Generated by org.testng.reporters.JUnitXMLReporter -->
<testsuite ignored="0" hostname="Vikashs-MacBook-Air.local" failures="0" tests="13" name="Test" time="327.442" errors="0" timestamp="2021-02-04T18:26:09 IST">
  <testcase classname="pomCRM.testcases.ContactsPageTest" name="ConatctsPageTitleTest" time="9.946"/>
  <testcase classname="pomCRM.testcases.ContactsPageTest" name="deleteContacts" time="12.908"/>
  <testcase classname="pomCRM.testcases.CreateContactsPageTest" name="CreateNewContactsTest" time="10.899"/>
  <testcase classname="pomCRM.testcases.CreateContactsPageTest" name="ConatctsPageTitleTest" time="11.033"/>
  <testcase classname="pomCRM.testcases.CreateContactsPageTest" name="ValidateCreateNewContacts" time="34.663"/>
  <testcase classname="pomCRM.testcases.CreateContactsPageTest" name="ValidateCreateNewContacts" time="35.641"/>
  <testcase classname="pomCRM.testcases.CreateContactsPageTest" name="ValidateCreateNewContacts" time="34.991"/>
  <testcase classname="pomCRM.testcases.CreateContactsPageTest" name="ValidateCreateNewContacts" time="34.868"/>
  <testcase classname="pomCRM.testcases.CreateContactsPageTest" name="ValidateCreateNewContacts" time="40.525"/>
  <testcase classname="pomCRM.testcases.HomePageTest" name="ClickContacts" time="10.898"/>
  <testcase classname="pomCRM.testcases.HomePageTest" name="HomePageTitleTest" time="0.472"/>
  <testcase classname="pomCRM.testcases.LoginTestPage" name="LoginTest" time="0.532"/>
  <testcase classname="pomCRM.testcases.LoginTestPage" name="LoginPageTitleTest" time="0.011"/>
</testsuite> <!-- Test -->
